therion 6.1.7+3bfbd5d+dev (2023-05-25)
  - using Proj 9.3.0, compiled against 9.2.0
therion: warning -- Proj version mismatch: using 9.3.0, compiled against 9.2.0
checking optional fonts csr10 csti10 csbx10 csss10 csssi10 ... OK
checking optional fonts cmcyr10 cmcti10 cmcbx10 cmcss10 cmcssi10 ... OK
configuration file: thconfig.thcfg
reading ... done
reading source files ... done
preprocessing database ... done
scanning centreline tree ... done
searching for centerline loops ... done
calculating station coordinates ... done
average loop error: 0.30%
processing survey data ... 
####################### cavern log file ########################
 1> Survex 1.4.3
 2> Copyright © 1990-2021 Olly Betts
 3> Survey has no control points. Therefore I’ve fixed 1 at (0,0,0)
 4> 
 5> Survey contains 416 survey stations, joined by 417 shots.
 6> There are 3 loops.
 7> Survey has 2 connected components.
 8> Total length of survey shots =  386.39m ( 386.40m adjusted)
 9> Total plan length of survey shots =  377.25m
10> Total vertical length of survey shots =   50.72m
11> Vertical range = 59.84m (from 383 at 55.90m to 210 at -3.94m)
12> North-South range = 180.36m (from 14 at 12.79m to 226 at -167.57m)
13> East-West range = 124.62m (from 5 at 6.04m to 232 at -118.59m)
14>  380 1-nodes.
15>    3 2-nodes.
16>    2 3-nodes.
17>    5 6-nodes.
18>    4 7-nodes.
19>    2 8-nodes.
20>    1 9-node.
21>    2 10-nodes.
22>    3 11-nodes.
23>    2 12-nodes.
24>    1 13-node.
25>    1 14-node.
26>    1 15-node.
27>    1 18-node.
28>    1 19-node.
29>    1 20-node.
30>    1 21-node.
31>    1 22-node.
32>    1 26-node.
33>    1 28-node.
34>    1 39-node.
35>    1 47-node.
36> 
######################### transcription ########################
 3> 1 : YA30@survey_1
 5> 416 : .@survey_1
 6> 3 : .@survey_1
 7> 2 : .@survey_1
11> 383 : .@survey_1 -- 210 : .@survey_1
12> 14 : .@survey_1 -- 226 : .@survey_1
13> 5 : .@survey_1 -- 232 : .@survey_1
14> 380 : .@survey_1
15> 3 : .@survey_1
16> 2 : .@survey_1
17> 5 : .@survey_1
18> 4 : .@survey_1
19> 2 : .@survey_1
20> 1 : YA30@survey_1
21> 2 : .@survey_1
22> 3 : .@survey_1
23> 2 : .@survey_1
24> 1 : YA30@survey_1
25> 1 : YA30@survey_1
26> 1 : YA30@survey_1
27> 1 : YA30@survey_1
28> 1 : YA30@survey_1
29> 1 : YA30@survey_1
30> 1 : YA30@survey_1
31> 1 : YA30@survey_1
32> 1 : YA30@survey_1
33> 1 : YA30@survey_1
34> 1 : YA30@survey_1
35> 1 : YA30@survey_1
#################### end of cavern log file ####################
done
calculating basic statistics ... done
processing extended elevation ... done
processing references ... done
selecting export objects ... 
therion: warning -- thconfig.thcfg [5] -- object not found -- "map_1"
done
processing projection plan ... done
average distortion: 0.06%


############### export maps & scraps selection #################
M    -0.90 low@survey_1 ()
S    -0.90 scrap_1@survey_1 ()
########## end of export maps & scraps selection ###############
writing output/Contra Canyon - November 25, 2023 Working Plan.pdf ...
####################### metapost log file ########################
This is MetaPost, version 2.02 (TeX Live 2022) (kpathsea version 6.3.4)  28 NOV 2023 19:14
**data.mp
(/usr/local/texlive/2022/texmf-dist/metapost/base/mpost.mp
(/usr/local/texlive/2022/texmf-dist/metapost/base/plain.mp
Preloading the plain mem file, version 1.005) ) (./data.mp
{randomseed:=42}
 [1] [2] [3] [4]
[5] [6] [7] [8] [9] [10] [11] [12] [13] [14]
[1]
[Warning: scrap outline intersects itself in scrap scrap_1@survey_1] [2] [3]
[4] [5] (./mptextmp.mp) (./mptextmp.mp) (./mptextmp.mp) (./mptextmp.mp)
(./mptextmp.mp) (./mptextmp.mp) (./mptextmp.mp) [6] [7] [8] [9] [10] [11] [12]
[13] [14] [15] [16] [17] [18] [19] [20] [21] [22] [23] [24] [25] )
 
Here is how much of MetaPost's memory you used:
 22070 strings using 566260 characters
 4970056 bytes of node memory
 1890 symbolic tokens
 9i,82n,20p,564b,5f stack positions out of 16i,98n,22p,608b,6f
39 output files written: data-patt.1 .. data.25


#################### end of metapost log file ####################
converting scraps ... done
making map ... done
######################## pdftex log file #########################
This is pdfTeX, Version 3.141592653-2.6-1.40.24 (TeX Live 2022) (preloaded format=pdftex 2022.9.8)  28 NOV 2023 19:14
entering extended mode
 restricted \write18 enabled.
 %&-line parsing enabled.
**data.tex
(./data.tex (./th_enc.tex) (./th_texts.tex) (./th_resources.tex
(/usr/local/texlive/2022/texmf-dist/tex/generic/pdftex/glyphtounicode.tex))
(./th_fontdef.tex{/usr/local/texlive/2022/texmf-var/fonts/map/pdftex/updmap/pdf
tex.map})
(./th_formdef.tex) (./th_pagedef.tex (./th_legend.tex)) (./th_pages.tex)
 75 numeric registers used out of 32768

[1] ) 
Here is how much of TeX's memory you used:
 301 strings out of 494594
 4109 string characters out of 6146452
 303637 words of memory out of 5000000
 1956 multiletter control sequences out of 15000+600000
 21229 words of font info for 66 fonts, out of 8000000 for 9000
 1416 hyphenation exceptions out of 8191
 12i,5n,7p,319b,78s stack positions out of 10000i,1000n,20000p,200000b,200000s
</usr/local/texlive/2022/texmf-dist/fonts/type1/public/amsfonts/cm/cmss10.
pfb></usr/local/texlive/2022/texmf-dist/fonts/type1/public/amsfonts/cm/cmssi10.
pfb>
Output written on data.pdf (1 page, 188586 bytes).
PDF statistics:
 85 PDF objects out of 1000 (max. 8388607)
 46 compressed objects within 1 object stream
 0 named destinations out of 1000 (max. 500000)
 209 words of extra memory for PDF output out of 10000 (max. 10000000)


##################### end of pdftex log file #####################
done


############### export maps & scraps selection #################
M    -0.90 low@survey_1 ()
S    -0.90 scrap_1@survey_1 ()
########## end of export maps & scraps selection ###############
writing output/DEBUG Contra Canyon - November 25, 2023 Plan.pdf ...
####################### metapost log file ########################
This is MetaPost, version 2.02 (TeX Live 2022) (kpathsea version 6.3.4)  28 NOV 2023 19:14
**data.mp
(/usr/local/texlive/2022/texmf-dist/metapost/base/mpost.mp
(/usr/local/texlive/2022/texmf-dist/metapost/base/plain.mp
Preloading the plain mem file, version 1.005) ) (./data.mp
{randomseed:=42}
 [1] [2] [3] [4]
[5] [6] [7] [8] [9] [10] [11] [12] [13] [14]
[1]
[Warning: scrap outline intersects itself in scrap scrap_1@survey_1] [2] [3]
[4] [5] (./mptextmp.mp) (./mptextmp.mp) (./mptextmp.mp) (./mptextmp.mp)
(./mptextmp.mp) (./mptextmp.mp) (./mptextmp.mp) [6] [7] [8] [9] [10] [11] [12]
[13] [14] [15] [16] [17] [18] [19] [20] [21] [22] [23] [24] [25] )
 
Here is how much of MetaPost's memory you used:
 22086 strings using 566466 characters
 5034856 bytes of node memory
 1891 symbolic tokens
 9i,82n,20p,564b,5f stack positions out of 16i,98n,22p,608b,6f
39 output files written: data-patt.1 .. data.25


#################### end of metapost log file ####################
converting scraps ... done
making map ... done
######################## pdftex log file #########################
This is pdfTeX, Version 3.141592653-2.6-1.40.24 (TeX Live 2022) (preloaded format=pdftex 2022.9.8)  28 NOV 2023 19:14
entering extended mode
 restricted \write18 enabled.
 %&-line parsing enabled.
**data.tex
(./data.tex (./th_enc.tex) (./th_texts.tex) (./th_resources.tex
(/usr/local/texlive/2022/texmf-dist/tex/generic/pdftex/glyphtounicode.tex))
(./th_fontdef.tex{/usr/local/texlive/2022/texmf-var/fonts/map/pdftex/updmap/pdf
tex.map})
(./th_formdef.tex) (./th_pagedef.tex (./th_legend.tex)) (./th_pages.tex)
 75 numeric registers used out of 32768

[1] ) 
Here is how much of TeX's memory you used:
 301 strings out of 494594
 4109 string characters out of 6146452
 468243 words of memory out of 5000000
 1956 multiletter control sequences out of 15000+600000
 21229 words of font info for 66 fonts, out of 8000000 for 9000
 1416 hyphenation exceptions out of 8191
 12i,5n,7p,319b,78s stack positions out of 10000i,1000n,20000p,200000b,200000s
</usr/local/texlive/2022/texmf-dist/fonts/type1/public/amsfonts/cm/cmss10.
pfb></usr/local/texlive/2022/texmf-dist/fonts/type1/public/amsfonts/cm/cmssi10.
pfb>
Output written on data.pdf (1 page, 242321 bytes).
PDF statistics:
 85 PDF objects out of 1000 (max. 8388607)
 46 compressed objects within 1 object stream
 0 named destinations out of 1000 (max. 500000)
 209 words of extra memory for PDF output out of 10000 (max. 10000000)


##################### end of pdftex log file #####################
done


############### export maps & scraps selection #################
M    -0.90 low@survey_1 ()
S    -0.90 scrap_1@survey_1 ()
########## end of export maps & scraps selection ###############
writing output/Contra Canyon - November 25, 2023 Plan.pdf ...
####################### metapost log file ########################
This is MetaPost, version 2.02 (TeX Live 2022) (kpathsea version 6.3.4)  28 NOV 2023 19:14
**data.mp
(/usr/local/texlive/2022/texmf-dist/metapost/base/mpost.mp
(/usr/local/texlive/2022/texmf-dist/metapost/base/plain.mp
Preloading the plain mem file, version 1.005) ) (./data.mp
{randomseed:=42}
 [1] [2] [3] [4]
[5] [6] [7] [8] [9] [10] [11] [12] [13] [14]
[1]
[Warning: scrap outline intersects itself in scrap scrap_1@survey_1] [2] [3]
[4] [5] (./mptextmp.mp) (./mptextmp.mp) (./mptextmp.mp) (./mptextmp.mp)
(./mptextmp.mp) (./mptextmp.mp) (./mptextmp.mp) [6] [7] [8] [9] [10] [11] [12]
[13] [14] [15] [16] [17] [18] [19] [20] [21] [22] [23] )
 
Here is how much of MetaPost's memory you used:
 18251 strings using 440028 characters
 4969096 bytes of node memory
 1889 symbolic tokens
 9i,82n,20p,564b,5f stack positions out of 16i,98n,22p,608b,6f
37 output files written: data-patt.1 .. data.23


#################### end of metapost log file ####################
converting scraps ... done
making map ... done
######################## pdftex log file #########################
This is pdfTeX, Version 3.141592653-2.6-1.40.24 (TeX Live 2022) (preloaded format=pdftex 2022.9.8)  28 NOV 2023 19:14
entering extended mode
 restricted \write18 enabled.
 %&-line parsing enabled.
**data.tex
(./data.tex (./th_enc.tex) (./th_texts.tex) (./th_resources.tex
(/usr/local/texlive/2022/texmf-dist/tex/generic/pdftex/glyphtounicode.tex))
(./th_fontdef.tex{/usr/local/texlive/2022/texmf-var/fonts/map/pdftex/updmap/pdf
tex.map})
(./th_formdef.tex) (./th_pagedef.tex (./th_legend.tex)) (./th_pages.tex)
 73 numeric registers used out of 32768

[1] ) 
Here is how much of TeX's memory you used:
 299 strings out of 494594
 4095 string characters out of 6146452
 301001 words of memory out of 5000000
 1954 multiletter control sequences out of 15000+600000
 21229 words of font info for 66 fonts, out of 8000000 for 9000
 1416 hyphenation exceptions out of 8191
 12i,5n,7p,316b,78s stack positions out of 10000i,1000n,20000p,200000b,200000s
</usr/local/texlive/2022/texmf-dist/fonts/type1/public/amsfonts/cm/cmss10.
pfb></usr/local/texlive/2022/texmf-dist/fonts/type1/public/amsfonts/cm/cmssi10.
pfb>
Output written on data.pdf (1 page, 178233 bytes).
PDF statistics:
 81 PDF objects out of 1000 (max. 8388607)
 44 compressed objects within 1 object stream
 0 named destinations out of 1000 (max. 500000)
 197 words of extra memory for PDF output out of 10000 (max. 10000000)


##################### end of pdftex log file #####################
done


############### export maps & scraps selection #################
M    -0.90 low@survey_1 ()
S    -0.90 scrap_1@survey_1 ()
########## end of export maps & scraps selection ###############
writing output/Contra Canyon - November 25, 2023 Plan Working.svg ...
####################### metapost log file ########################
This is MetaPost, version 2.02 (TeX Live 2022) (kpathsea version 6.3.4)  28 NOV 2023 19:14
**data.mp
(/usr/local/texlive/2022/texmf-dist/metapost/base/mpost.mp
(/usr/local/texlive/2022/texmf-dist/metapost/base/plain.mp
Preloading the plain mem file, version 1.005) ) (./data.mp
{randomseed:=42}
 [1] [2] [3] [4]
[5] [6] [7] [8] [9] [10] [11] [12] [13] [14]
[1]
[Warning: scrap outline intersects itself in scrap scrap_1@survey_1] [2] [3]
[4] [5] (./mptextmp.mp) (./mptextmp.mp) (./mptextmp.mp) (./mptextmp.mp)
(./mptextmp.mp) (./mptextmp.mp) (./mptextmp.mp) [6] [7] [8] [9] [10] [11] [12]
[13] [14] [15] [16] [17] [18] [19] [20] [21] [22] [23] [24] [25] )
 
Here is how much of MetaPost's memory you used:
 22070 strings using 566260 characters
 4970056 bytes of node memory
 1890 symbolic tokens
 9i,82n,20p,564b,5f stack positions out of 16i,98n,22p,608b,6f
39 output files written: data-patt.1 .. data.25


#################### end of metapost log file ####################
converting scraps ... done
making svg map ... done
done


############### export maps & scraps selection #################
M    -0.90 low@survey_1 ()
S    -0.90 scrap_1@survey_1 ()
########## end of export maps & scraps selection ###############
writing output/Contra Canyon - November 25, 2023 Plan.svg ...
####################### metapost log file ########################
This is MetaPost, version 2.02 (TeX Live 2022) (kpathsea version 6.3.4)  28 NOV 2023 19:14
**data.mp
(/usr/local/texlive/2022/texmf-dist/metapost/base/mpost.mp
(/usr/local/texlive/2022/texmf-dist/metapost/base/plain.mp
Preloading the plain mem file, version 1.005) ) (./data.mp
{randomseed:=42}
 [1] [2] [3] [4]
[5] [6] [7] [8] [9] [10] [11] [12] [13] [14]
[1]
[Warning: scrap outline intersects itself in scrap scrap_1@survey_1] [2] [3]
[4] [5] (./mptextmp.mp) (./mptextmp.mp) (./mptextmp.mp) (./mptextmp.mp)
(./mptextmp.mp) (./mptextmp.mp) (./mptextmp.mp) [6] [7] [8] [9] [10] [11] [12]
[13] [14] [15] [16] [17] [18] [19] [20] [21] [22] [23] )
 
Here is how much of MetaPost's memory you used:
 18251 strings using 440028 characters
 4969096 bytes of node memory
 1889 symbolic tokens
 9i,82n,20p,564b,5f stack positions out of 16i,98n,22p,608b,6f
37 output files written: data-patt.1 .. data.23


#################### end of metapost log file ####################
converting scraps ... done
making svg map ... done
done
writing output/leads.html ... done
therion: warning -- data not georeferenced -- unable to export KML file
####################### metapost log file ########################
This is MetaPost, version 2.02 (TeX Live 2022) (kpathsea version 6.3.4)  28 NOV 2023 19:14
**data.mp
(/usr/local/texlive/2022/texmf-dist/metapost/base/mpost.mp
(/usr/local/texlive/2022/texmf-dist/metapost/base/plain.mp
Preloading the plain mem file, version 1.005) ) (./data.mp [1] )
1 output file written: data.1


#################### end of metapost log file ####################
writing output/Contra Canyon - November 25, 2023 Plan Arc Map ... done
writing output/Contra Canyon - November 25, 2023 Plan Arc Model ... .
therion: warning -- scrap_1@survey_1 -- multiple scrap outer outlines not supported yet
done
therion: warning -- data not georeferenced -- unable to export KML file
writing output/Contra Canyon - November 25, 2023.3d ... done
writing xtherion file ... done
compilation time: 7 sec


######################### loop errors ##########################
REL-ERR ABS-ERR TOTAL-L STS X-ERROR Y-ERROR Z-ERROR STATIONS
  0.30%    0.2m   64.6m  10   -0.0m    0.1m    0.2m [CCC14.2@survey_1 - CCC14.5 - CCC14.6 - CCC14.7 - CCC14.8 - CCC14.9 - CCC16 - CCC15 - CCC14.4 - CCC14.3 - CCC14.2]
  0.29%    0.1m   49.5m   6    0.1m   -0.1m    0.1m [CCC14@survey_1 - CCC14.1 - CCC14.2 - CCC14.3 - CCC14.4 - CCC15 - CCC14]
##################### end of loop errors #######################


###################### scrap distortions #######################
 PROJECTION: plan
 AVERAGE  MAXIMAL  SCRAP
   0.06%    6.38%  scrap_1@survey_1
################### end of scrap distortions ###################
